c:\users\admin\source\repos\pointcloudtools\pointcloudtools\x64\release\qrc_pointcloudtools.obj
c:\users\admin\source\repos\pointcloudtools\pointcloudtools\x64\release\tools.obj
c:\users\admin\source\repos\pointcloudtools\pointcloudtools\x64\release\segmentation.obj
c:\users\admin\source\repos\pointcloudtools\pointcloudtools\x64\release\ptpicking.obj
c:\users\admin\source\repos\pointcloudtools\pointcloudtools\x64\release\spherefit.obj
c:\users\admin\source\repos\pointcloudtools\pointcloudtools\x64\release\mycloud.obj
c:\users\admin\source\repos\pointcloudtools\pointcloudtools\x64\release\fileio.obj
c:\users\admin\source\repos\pointcloudtools\pointcloudtools\x64\release\pointcloudtools.obj
c:\users\admin\source\repos\pointcloudtools\pointcloudtools\x64\release\main.obj
c:\users\admin\source\repos\pointcloudtools\pointcloudtools\x64\release\planfit.obj
c:\users\admin\source\repos\pointcloudtools\pointcloudtools\x64\release\moc_pointcloudtools.obj
c:\users\admin\source\repos\pointcloudtools\pointcloudtools\x64\release\filters.obj
c:\users\admin\source\repos\pointcloudtools\pointcloudtools\x64\release\registration.obj
c:\users\admin\source\repos\pointcloudtools\pointcloudtools\x64\release\regiration_function.obj
c:\users\admin\source\repos\pointcloudtools\pointcloudtools\x64\release\moc_regiration_function.obj
c:\users\admin\source\repos\pointcloudtools\pointcloudtools\x64\release\registration_function.obj
c:\users\admin\source\repos\pointcloudtools\pointcloudtools\x64\release\moc_registration_function.obj
c:\users\admin\source\repos\pointcloudtools\pointcloudtools\x64\release\knearwidget.obj
c:\users\admin\source\repos\pointcloudtools\pointcloudtools\x64\release\moc_knearwidget.obj
c:\users\admin\source\repos\pointcloudtools\x64\release\pointcloudtools.exe
c:\users\admin\source\repos\pointcloudtools\pointcloudtools\generatedfiles\release\moc_pointcloudtools.cpp
c:\users\admin\source\repos\pointcloudtools\pointcloudtools\generatedfiles\qrc_pointcloudtools.cpp
c:\users\admin\source\repos\pointcloudtools\pointcloudtools\generatedfiles\ui_pointcloudtools.h
c:\users\admin\source\repos\pointcloudtools\pointcloudtools\generatedfiles\release\moc_regiration_function.cpp
c:\users\admin\source\repos\pointcloudtools\pointcloudtools\generatedfiles\ui_regiration_function.h
c:\users\admin\source\repos\pointcloudtools\pointcloudtools\generatedfiles\release\moc_registration_function.cpp
c:\users\admin\source\repos\pointcloudtools\pointcloudtools\generatedfiles\ui_registration_function.h
c:\users\admin\source\repos\pointcloudtools\pointcloudtools\generatedfiles\release\moc_registration.cpp
c:\users\admin\source\repos\pointcloudtools\pointcloudtools\generatedfiles\release\moc_knearwidget.cpp
c:\users\admin\source\repos\pointcloudtools\pointcloudtools\generatedfiles\ui_knearwidget.h
c:\users\admin\source\repos\pointcloudtools\pointcloudtools\x64\release\pointcloudtools.tlog\cl.command.1.tlog
c:\users\admin\source\repos\pointcloudtools\pointcloudtools\x64\release\pointcloudtools.tlog\cl.read.1.tlog
c:\users\admin\source\repos\pointcloudtools\pointcloudtools\x64\release\pointcloudtools.tlog\cl.write.1.tlog
c:\users\admin\source\repos\pointcloudtools\pointcloudtools\x64\release\pointcloudtools.tlog\link.command.1.tlog
c:\users\admin\source\repos\pointcloudtools\pointcloudtools\x64\release\pointcloudtools.tlog\link.read.1.tlog
c:\users\admin\source\repos\pointcloudtools\pointcloudtools\x64\release\pointcloudtools.tlog\link.write.1.tlog
c:\users\admin\source\repos\pointcloudtools\pointcloudtools\x64\release\pointcloudtools.tlog\pointcloudtools.write.1u.tlog
